27/02/2024, 16:18:03 - Consulta: Olá, qual é o objetivo da rescisão?
Resposta:  O objetivo da rescisão é normatizar o processo de rescisão do contrato de trabalho e disponibilizar documentos para o correto atendimento das obrigações trabalhistas da Fundação José Silveira.

27/02/2024, 16:18:54 - Consulta: Quais são os conceitos e siglas da rescisão?
Resposta:  FJS, CR, MP, ASO, CEF.

27/02/2024, 16:19:12 - Consulta: O que cada sigla significa?
Resposta:  FJS: Fundação José Silveira
R&S: Recrutamento e Seleção
SP: Solicitação de Pessoal
MP: Movimentação de Pessoal
FAM: Ficha de Avaliação Médica
CV: Curriculum Vitae
CR: Cadastro reserva
PIPA: Programa de Integração pré-admissional
PDA: Personal Development Analysis

27/02/2024, 16:19:59 - Consulta: Qual o material necessário?
Resposta:  Não é possível responder à pergunta com base no texto fornecido. O trecho menciona apenas processos e procedimentos internos da instituição, mas não menciona nenhum material específico necessário.

27/02/2024, 16:20:31 - Consulta: Me fale as estapas do procedimento
Resposta:  As etapas do procedimento são diferentes para cada setor, mas em geral incluem receber documentação, conferir informações, lançar dados no sistema, imprimir contratos, convocar candidatos para assinatura, explicar contrato e benefícios, emitir carta de apresentação para o banco, realizar processo seletivo com base nas competências, aplicar testes e avaliações, encaminhar para entrevistas e avaliação médica, e finalmente encaminhar para o setor de contratação. 

27/02/2024, 16:22:38 - Consulta: Olá, me diga o ramal de Alan
Resposta:  O ramal de Alan é 5671.

01/03/2024, 16:23:38 - Consulta: Olá, me diga o ramal de Alan
Resposta: O ramal de Alan é 5671.

01/03/2024, 16:24:15 - Consulta: Como faça para excluir um documento?
Resposta: Para excluir um documento, geralmente é necessário acessar o sistema em que o documento foi criado ou armazenado e procurar a opção de exclusão. No entanto, com base nas informações fornecidas, não há detalhes específicos sobre como excluir um documento neste contexto. Recomenda-se entrar em contato com o responsável pelo sistema ou processo específico para obter instruções precisas sobre como excluir um documento.

16/04/2024, 10:08:37 - Consulta: Quem é leila brito?
Resposta: Leila Brito é uma profissional graduada em Assistência Social pela Universidade Católica da Bahia e pós-graduada em Administração Hospitalar pela Universidade Federal da Bahia. Em 1992, foi contratada pela Fundação José Silveira (FJS) e tem tido uma trajetória de sucesso na instituição, tendo assumido a Coordenação de Assistência Social e depois a superintendência da FJS. Ela também é responsável pela idealização e construção do programa ACELERA FJS. Atualmente, é Gestora do Núcleo de Desenvolvimento Estratégico, Assistencial e Inovação. Leila também tem um papel significativo na expansão e melhoramento de várias obras e programas da FJS.

16/04/2024, 16:03:36 - Consulta: Quem é leila brito?
Resposta: Leila Brito é uma profissional graduada em Assistência Social pela Universidade Católica da Bahia e pós-graduada em Administração Hospitalar pela Universidade Federal da Bahia. Ela foi contratada pela Fundação José Silveira (FJS) em 1992 e eventualmente se tornou a superintendente da organização. Ela tem desempenhado um papel importante na FJS, incluindo a ampliação do Programa de Controle da Tuberculose do IBIT e a reestruturação do Instituto Bahiano de Reabilitação. Como superintendente, ela também promoveu importantes realizações, como a implantação do Planejamento Estratégico e a retomada da pesquisa científica. Atualmente, ela é a Gestora do Núcleo de Desenvolvimento Estratégico, Assistencial e Inovação e colaboradores de setores diversos.

